<?xml version="1.0" encoding="UTF-8"?>
<!-- Generated by org.testng.reporters.JUnitReportReporter -->
<testsuite hostname="LAPTOP-EAPTUV7T" failures="0" tests="1" name="org.testing.TestScripts.TC_1PostRequest" time="0.930" errors="0" timestamp="2022-03-23T10:00:30 IST" skipped="0">
  <testcase classname="org.testing.TestScripts.TC_1PostRequest" name="postRequest" time="0.930"/>
  <system-out/>
</testsuite> <!-- org.testing.TestScripts.TC_1PostRequest -->
